C:\Program Files (x86)\Microsoft Visual Studio\2019\Community\MSBuild\Microsoft\VC\v160\Microsoft.CppBuild.targets(438,5): warning MSB8004: Output Directory does not end with a trailing slash.  This build instance will add the slash as it is required to allow proper evaluation of the Output Directory.
  CA.c
  D2D.c
C:\Users\Hanuman\Desktop\MODELLING_OBSTACLES_IN_LTE_v12.1\WorkSpace_MODELLING_OBSTACLES\src\Simulation\LTE\LTE.h(403,157): warning C4244: 'initializing': conversion from 'double' to 'const int', possible loss of data
  Femtocell.c
C:\Users\Hanuman\Desktop\MODELLING_OBSTACLES_IN_LTE_v12.1\WorkSpace_MODELLING_OBSTACLES\src\Simulation\LTE\LTE.h(403,157): warning C4244: 'initializing': conversion from 'double' to 'const int', possible loss of data
  HARQ.c
C:\Users\Hanuman\Desktop\MODELLING_OBSTACLES_IN_LTE_v12.1\WorkSpace_MODELLING_OBSTACLES\src\Simulation\LTE\LTE.h(403,157): warning C4244: 'initializing': conversion from 'double' to 'const int', possible loss of data
  LTE.c
C:\Users\Hanuman\Desktop\MODELLING_OBSTACLES_IN_LTE_v12.1\WorkSpace_MODELLING_OBSTACLES\src\Simulation\LTE\LTE.h(403,157): warning C4244: 'initializing': conversion from 'double' to 'const int', possible loss of data
  LTE_enum.c
  LTE_Phy.c
C:\Users\Hanuman\Desktop\MODELLING_OBSTACLES_IN_LTE_v12.1\WorkSpace_MODELLING_OBSTACLES\src\Simulation\LTE\LTE.h(403,157): warning C4244: 'initializing': conversion from 'double' to 'const int', possible loss of data
C:\Users\Hanuman\Desktop\MODELLING_OBSTACLES_IN_LTE_v12.1\WorkSpace_MODELLING_OBSTACLES\src\Simulation\LTE\LTE.h(403,157): warning C4244: 'initializing': conversion from 'double' to 'const int', possible loss of data
  Mac_scheduler.c
C:\Users\Hanuman\Desktop\MODELLING_OBSTACLES_IN_LTE_v12.1\WorkSpace_MODELLING_OBSTACLES\src\Simulation\LTE\LTE_Phy.c(101,63): warning C4047: '=': 'pathloss_data' differs in levels of indirection from 'pathloss_data *'
  MIMO.c
C:\Users\Hanuman\Desktop\MODELLING_OBSTACLES_IN_LTE_v12.1\WorkSpace_MODELLING_OBSTACLES\src\Simulation\LTE\LTE.h(403,157): warning C4244: 'initializing': conversion from 'double' to 'const int', possible loss of data
  NAS.c
C:\Users\Hanuman\Desktop\MODELLING_OBSTACLES_IN_LTE_v12.1\WorkSpace_MODELLING_OBSTACLES\src\Simulation\LTE\LTE.h(403,157): warning C4244: 'initializing': conversion from 'double' to 'const int', possible loss of data
  PDCP.c
C:\Users\Hanuman\Desktop\MODELLING_OBSTACLES_IN_LTE_v12.1\WorkSpace_MODELLING_OBSTACLES\src\Simulation\LTE\LTE.h(403,157): warning C4244: 'initializing': conversion from 'double' to 'const int', possible loss of data
  Relay.c
C:\Users\Hanuman\Desktop\MODELLING_OBSTACLES_IN_LTE_v12.1\WorkSpace_MODELLING_OBSTACLES\src\Simulation\LTE\LTE.h(403,157): warning C4244: 'initializing': conversion from 'double' to 'const int', possible loss of data
  RLC.c
C:\Users\Hanuman\Desktop\MODELLING_OBSTACLES_IN_LTE_v12.1\WorkSpace_MODELLING_OBSTACLES\src\Simulation\LTE\LTE.h(403,157): warning C4244: 'initializing': conversion from 'double' to 'const int', possible loss of data
  RRC.c
C:\Users\Hanuman\Desktop\MODELLING_OBSTACLES_IN_LTE_v12.1\WorkSpace_MODELLING_OBSTACLES\src\Simulation\LTE\LTE.h(403,157): warning C4244: 'initializing': conversion from 'double' to 'const int', possible loss of data
  Generating Code...
C:\Users\Hanuman\Desktop\MODELLING_OBSTACLES_IN_LTE_v12.1\WorkSpace_MODELLING_OBSTACLES\src\Simulation\LTE\LTE.h(403,157): warning C4244: 'initializing': conversion from 'double' to 'const int', possible loss of data
C:\Program Files (x86)\Microsoft Visual Studio\2019\Community\MSBuild\Microsoft\VC\v160\Microsoft.CppBuild.targets(1267,5): warning MSB8012: TargetPath(C:\Users\Hanuman\Desktop\MODELLING_OBSTACLES_IN_LTE_v12.1\WorkSpace_MODELLING_OBSTACLES\src\Simulation\LTE\..\..\..\bin\bin_x64\LTE.dll) does not match the Linker's OutputFile property value (C:\Users\Hanuman\Desktop\MODELLING_OBSTACLES_IN_LTE_v12.1\WorkSpace_MODELLING_OBSTACLES\bin\bin_x64\libLTE.dll). This may cause your project to build incorrectly. To correct this, please make sure that $(OutDir), $(TargetName) and $(TargetExt) property values match the value specified in %(Link.OutputFile).
C:\Program Files (x86)\Microsoft Visual Studio\2019\Community\MSBuild\Microsoft\VC\v160\Microsoft.CppBuild.targets(1269,5): warning MSB8012: TargetName(LTE) does not match the Linker's OutputFile property value (libLTE). This may cause your project to build incorrectly. To correct this, please make sure that $(OutDir), $(TargetName) and $(TargetExt) property values match the value specified in %(Link.OutputFile).
CA.obj : warning LNK4075: ignoring '/EDITANDCONTINUE' due to '/INCREMENTAL:NO' specification
  list.lib(List.obj) : MSIL .netmodule or module compiled with /GL found; restarting link with /LTCG; add /LTCG to the link command line to improve linker performance
CA.obj : warning LNK4075: ignoring '/EDITANDCONTINUE' due to '/INCREMENTAL:NO' specification
     Creating library ..\..\..\bin\bin_x64\LTE.lib and object ..\..\..\bin\bin_x64\LTE.exp
LINK : warning LNK4098: defaultlib 'MSVCRT' conflicts with use of other libs; use /NODEFAULTLIB:library
  Generating code
  Finished generating code
list.lib(List.obj) : warning LNK4099: PDB 'List.pdb' was not found with 'list.lib(List.obj)' or at 'C:\Users\Hanuman\Desktop\MODELLING_OBSTACLES_IN_LTE_v12.1\WorkSpace_MODELLING_OBSTACLES\bin\bin_x64\List.pdb'; linking object as if no debug info
LTE.lib(LTELib.obj) : warning LNK4099: PDB 'LTELib.pdb' was not found with 'LTE.lib(LTELib.obj)' or at 'C:\Users\Hanuman\Desktop\MODELLING_OBSTACLES_IN_LTE_v12.1\WorkSpace_MODELLING_OBSTACLES\bin\bin_x64\LTELib.pdb'; linking object as if no debug info
LTE.lib(BER.obj) : warning LNK4099: PDB 'LTELib.pdb' was not found with 'LTE.lib(BER.obj)' or at 'C:\Users\Hanuman\Desktop\MODELLING_OBSTACLES_IN_LTE_v12.1\WorkSpace_MODELLING_OBSTACLES\bin\bin_x64\LTELib.pdb'; linking object as if no debug info
  LTE.vcxproj -> C:\Users\Hanuman\Desktop\MODELLING_OBSTACLES_IN_LTE_v12.1\WorkSpace_MODELLING_OBSTACLES\src\Simulation\LTE\..\..\..\bin\bin_x64\LTE.dll
