d:\ae\file exchange projects_v12.1\modelling_obstacles_in_lte_v12.1\workspace_modelling_obstacles\src\simulation\lte\x64\debug\vc142.pdb
d:\ae\file exchange projects_v12.1\modelling_obstacles_in_lte_v12.1\workspace_modelling_obstacles\src\simulation\lte\x64\debug\vc142.idb
d:\ae\file exchange projects_v12.1\modelling_obstacles_in_lte_v12.1\workspace_modelling_obstacles\src\simulation\lte\x64\debug\rrc.obj
d:\ae\file exchange projects_v12.1\modelling_obstacles_in_lte_v12.1\workspace_modelling_obstacles\src\simulation\lte\x64\debug\rlc.obj
d:\ae\file exchange projects_v12.1\modelling_obstacles_in_lte_v12.1\workspace_modelling_obstacles\src\simulation\lte\x64\debug\relay.obj
d:\ae\file exchange projects_v12.1\modelling_obstacles_in_lte_v12.1\workspace_modelling_obstacles\src\simulation\lte\x64\debug\pdcp.obj
d:\ae\file exchange projects_v12.1\modelling_obstacles_in_lte_v12.1\workspace_modelling_obstacles\src\simulation\lte\x64\debug\nas.obj
d:\ae\file exchange projects_v12.1\modelling_obstacles_in_lte_v12.1\workspace_modelling_obstacles\src\simulation\lte\x64\debug\mimo.obj
d:\ae\file exchange projects_v12.1\modelling_obstacles_in_lte_v12.1\workspace_modelling_obstacles\src\simulation\lte\x64\debug\mac_scheduler.obj
d:\ae\file exchange projects_v12.1\modelling_obstacles_in_lte_v12.1\workspace_modelling_obstacles\src\simulation\lte\x64\debug\lte_phy.obj
d:\ae\file exchange projects_v12.1\modelling_obstacles_in_lte_v12.1\workspace_modelling_obstacles\src\simulation\lte\x64\debug\lte_enum.obj
d:\ae\file exchange projects_v12.1\modelling_obstacles_in_lte_v12.1\workspace_modelling_obstacles\src\simulation\lte\x64\debug\lte.obj
d:\ae\file exchange projects_v12.1\modelling_obstacles_in_lte_v12.1\workspace_modelling_obstacles\src\simulation\lte\x64\debug\harq.obj
d:\ae\file exchange projects_v12.1\modelling_obstacles_in_lte_v12.1\workspace_modelling_obstacles\src\simulation\lte\x64\debug\femtocell.obj
d:\ae\file exchange projects_v12.1\modelling_obstacles_in_lte_v12.1\workspace_modelling_obstacles\src\simulation\lte\x64\debug\d2d.obj
d:\ae\file exchange projects_v12.1\modelling_obstacles_in_lte_v12.1\workspace_modelling_obstacles\src\simulation\lte\x64\debug\ca.obj
d:\ae\file exchange projects_v12.1\modelling_obstacles_in_lte_v12.1\workspace_modelling_obstacles\bin\bin_x64\liblte.dll
d:\ae\file exchange projects_v12.1\modelling_obstacles_in_lte_v12.1\workspace_modelling_obstacles\bin\bin_x64\lte.pdb
d:\ae\file exchange projects_v12.1\modelling_obstacles_in_lte_v12.1\workspace_modelling_obstacles\bin\bin_x64\lte.lib
d:\ae\file exchange projects_v12.1\modelling_obstacles_in_lte_v12.1\workspace_modelling_obstacles\bin\bin_x64\lte.exp
c:\users\hanuman\desktop\modelling_obstacles_in_lte_v12.1\workspace_modelling_obstacles\src\simulation\lte\x64\debug\ca.obj
c:\users\hanuman\desktop\modelling_obstacles_in_lte_v12.1\workspace_modelling_obstacles\src\simulation\lte\x64\debug\d2d.obj
c:\users\hanuman\desktop\modelling_obstacles_in_lte_v12.1\workspace_modelling_obstacles\src\simulation\lte\x64\debug\femtocell.obj
c:\users\hanuman\desktop\modelling_obstacles_in_lte_v12.1\workspace_modelling_obstacles\src\simulation\lte\x64\debug\harq.obj
c:\users\hanuman\desktop\modelling_obstacles_in_lte_v12.1\workspace_modelling_obstacles\src\simulation\lte\x64\debug\lte.obj
c:\users\hanuman\desktop\modelling_obstacles_in_lte_v12.1\workspace_modelling_obstacles\src\simulation\lte\x64\debug\lte_enum.obj
c:\users\hanuman\desktop\modelling_obstacles_in_lte_v12.1\workspace_modelling_obstacles\src\simulation\lte\x64\debug\lte_phy.obj
c:\users\hanuman\desktop\modelling_obstacles_in_lte_v12.1\workspace_modelling_obstacles\src\simulation\lte\x64\debug\mac_scheduler.obj
c:\users\hanuman\desktop\modelling_obstacles_in_lte_v12.1\workspace_modelling_obstacles\src\simulation\lte\x64\debug\mimo.obj
c:\users\hanuman\desktop\modelling_obstacles_in_lte_v12.1\workspace_modelling_obstacles\src\simulation\lte\x64\debug\nas.obj
c:\users\hanuman\desktop\modelling_obstacles_in_lte_v12.1\workspace_modelling_obstacles\src\simulation\lte\x64\debug\pdcp.obj
c:\users\hanuman\desktop\modelling_obstacles_in_lte_v12.1\workspace_modelling_obstacles\src\simulation\lte\x64\debug\relay.obj
c:\users\hanuman\desktop\modelling_obstacles_in_lte_v12.1\workspace_modelling_obstacles\src\simulation\lte\x64\debug\rlc.obj
c:\users\hanuman\desktop\modelling_obstacles_in_lte_v12.1\workspace_modelling_obstacles\src\simulation\lte\x64\debug\rrc.obj
c:\users\hanuman\desktop\modelling_obstacles_in_lte_v12.1\workspace_modelling_obstacles\src\simulation\lte\x64\debug\vc142.idb
c:\users\hanuman\desktop\modelling_obstacles_in_lte_v12.1\workspace_modelling_obstacles\src\simulation\lte\x64\debug\vc142.pdb
c:\users\hanuman\desktop\modelling_obstacles_in_lte_v12.1\workspace_modelling_obstacles\src\simulation\lte\x64\debug\lte.tlog\cl.command.1.tlog
c:\users\hanuman\desktop\modelling_obstacles_in_lte_v12.1\workspace_modelling_obstacles\src\simulation\lte\x64\debug\lte.tlog\cl.read.1.tlog
c:\users\hanuman\desktop\modelling_obstacles_in_lte_v12.1\workspace_modelling_obstacles\src\simulation\lte\x64\debug\lte.tlog\cl.write.1.tlog
c:\users\hanuman\desktop\modelling_obstacles_in_lte_v12.1\workspace_modelling_obstacles\src\simulation\lte\x64\debug\lte.tlog\link.command.1.tlog
c:\users\hanuman\desktop\modelling_obstacles_in_lte_v12.1\workspace_modelling_obstacles\src\simulation\lte\x64\debug\lte.tlog\link.read.1.tlog
c:\users\hanuman\desktop\modelling_obstacles_in_lte_v12.1\workspace_modelling_obstacles\src\simulation\lte\x64\debug\lte.tlog\link.write.1.tlog
c:\users\hanuman\desktop\modelling_obstacles_in_lte_v12.1\workspace_modelling_obstacles\src\simulation\lte\x64\debug\lte.tlog\lte.write.1u.tlog
